c:\users\nazar\source\repos\class_2_5\class_2_5\x64\debug\vc143.pdb
c:\users\nazar\source\repos\class_2_5\class_2_5\x64\debug\vc143.idb
c:\users\nazar\source\repos\class_2_5\class_2_5\x64\debug\space.obj
c:\users\nazar\source\repos\class_2_5\class_2_5\x64\debug\main.obj
c:\users\nazar\source\repos\class_2_5\class_2_5\x64\debug\commercialspace.obj
c:\users\nazar\source\repos\class_2_5\class_2_5\x64\debug\livingspace.obj
c:\users\nazar\source\repos\class_2_5\x64\debug\class_2_5.exe
c:\users\nazar\source\repos\class_2_5\x64\debug\class_2_5.pdb
c:\users\nazar\source\repos\class_2_5\class_2_5\x64\debug\class_2_5.ilk
c:\users\nazar\source\repos\class_2_5\class_2_5\x64\debug\class_2_5.obj
c:\users\nazar\source\repos\class_2_5\class_2_5\x64\debug\class_2_5.tlog\cl.command.1.tlog
c:\users\nazar\source\repos\class_2_5\class_2_5\x64\debug\class_2_5.tlog\cl.items.tlog
c:\users\nazar\source\repos\class_2_5\class_2_5\x64\debug\class_2_5.tlog\cl.read.1.tlog
c:\users\nazar\source\repos\class_2_5\class_2_5\x64\debug\class_2_5.tlog\cl.write.1.tlog
c:\users\nazar\source\repos\class_2_5\class_2_5\x64\debug\class_2_5.tlog\link-cvtres.read.1.tlog
c:\users\nazar\source\repos\class_2_5\class_2_5\x64\debug\class_2_5.tlog\link-cvtres.write.1.tlog
c:\users\nazar\source\repos\class_2_5\class_2_5\x64\debug\class_2_5.tlog\link-rc.read.1.tlog
c:\users\nazar\source\repos\class_2_5\class_2_5\x64\debug\class_2_5.tlog\link-rc.write.1.tlog
c:\users\nazar\source\repos\class_2_5\class_2_5\x64\debug\class_2_5.tlog\link.9396-cvtres.read.1.tlog
c:\users\nazar\source\repos\class_2_5\class_2_5\x64\debug\class_2_5.tlog\link.9396-cvtres.write.1.tlog
c:\users\nazar\source\repos\class_2_5\class_2_5\x64\debug\class_2_5.tlog\link.9396-rc.read.1.tlog
c:\users\nazar\source\repos\class_2_5\class_2_5\x64\debug\class_2_5.tlog\link.9396-rc.write.1.tlog
c:\users\nazar\source\repos\class_2_5\class_2_5\x64\debug\class_2_5.tlog\link.9396.read.1.tlog
c:\users\nazar\source\repos\class_2_5\class_2_5\x64\debug\class_2_5.tlog\link.9396.read.2.tlog
c:\users\nazar\source\repos\class_2_5\class_2_5\x64\debug\class_2_5.tlog\link.9396.read.3.tlog
c:\users\nazar\source\repos\class_2_5\class_2_5\x64\debug\class_2_5.tlog\link.9396.read.4.tlog
c:\users\nazar\source\repos\class_2_5\class_2_5\x64\debug\class_2_5.tlog\link.9396.write.1.tlog
c:\users\nazar\source\repos\class_2_5\class_2_5\x64\debug\class_2_5.tlog\link.command.1.tlog
c:\users\nazar\source\repos\class_2_5\class_2_5\x64\debug\class_2_5.tlog\link.read.1.tlog
c:\users\nazar\source\repos\class_2_5\class_2_5\x64\debug\class_2_5.tlog\link.read.2.tlog
c:\users\nazar\source\repos\class_2_5\class_2_5\x64\debug\class_2_5.tlog\link.read.3.tlog
c:\users\nazar\source\repos\class_2_5\class_2_5\x64\debug\class_2_5.tlog\link.read.4.tlog
c:\users\nazar\source\repos\class_2_5\class_2_5\x64\debug\class_2_5.tlog\link.secondary.1.tlog
c:\users\nazar\source\repos\class_2_5\class_2_5\x64\debug\class_2_5.tlog\link.write.1.tlog
